sample.interval=20000
"ls" "FUN" "lapply" ".rs.objectsOnSearchPath" ".rs.getCompletionsSearchPath" "Reduce" "<Anonymous>" 
".Call" ".rs.getKnitParamsForDocument" ".rs.injectKnitrParamsObject" "<Anonymous>" 
".Call" ".rs.getNAMESPACEImportedSymbols" ".rs.getCompletionsNAMESPACE" "Reduce" "<Anonymous>" 
"lazyLoadDBfetch" "mget" "doTryCatch" "tryCatchOne" "tryCatchList" "tryCatch" ".rs.getHelpFromObject" ".rs.getHelpFunction" "<Anonymous>" 
"lazyLoadDBfetch" "mget" "doTryCatch" "tryCatchOne" "tryCatchList" "tryCatch" ".rs.getHelpFromObject" ".rs.getHelpFunction" "<Anonymous>" 
"lazyLoadDBfetch" "mget" "doTryCatch" "tryCatchOne" "tryCatchList" "tryCatch" ".rs.getHelpFromObject" ".rs.getHelpFunction" "<Anonymous>" 
"lazyLoadDBfetch" "mget" "doTryCatch" "tryCatchOne" "tryCatchList" "tryCatch" ".rs.getHelpFromObject" ".rs.getHelpFunction" "<Anonymous>" 
"formals" "as.list" ".rs.getHelpFromObject" ".rs.getHelpFunction" "<Anonymous>" 
"psub" "addParaBreaks" "writeLines" "writeLinesUTF8" "of1" "writeBlock" "writeContent" "writeSection" "Rd2HTML" "tools:::httpd" "withCallingHandlers" "suppressWarnings" ".rs.getHelp" ".rs.getHelpFromObject" ".rs.getHelpFunction" "<Anonymous>" 
"lazyLoadDBfetch" "mget" "doTryCatch" "tryCatchOne" "tryCatchList" "tryCatch" ".rs.getHelpFromObject" ".rs.getHelpFunction" "<Anonymous>" 
"lazyLoadDBfetch" "<Anonymous>" "lazyLoadDBfetch" "mget" "doTryCatch" "tryCatchOne" "tryCatchList" "tryCatch" ".rs.getHelpFromObject" ".rs.getHelpFunction" "<Anonymous>" 
"lazyLoadDBfetch" "<Anonymous>" "lazyLoadDBfetch" "mget" "doTryCatch" "tryCatchOne" "tryCatchList" "tryCatch" ".rs.getHelpFromObject" ".rs.getHelpFunction" "<Anonymous>" 
"lazyLoadDBfetch" "get" "doTryCatch" "tryCatchOne" "tryCatchList" "tryCatch" "FUN" "lapply" ".rs.getHelpFromObject" ".rs.getHelpFunction" "<Anonymous>" 
"grepl" "ifelse" "urlify" "paste0" "writeLink" "writeBlock" "writeContent" "writeWrapped" "writeBlock" "writeContent" "writeContent" "writeSection" "Rd2HTML" "tools:::httpd" "withCallingHandlers" "suppressWarnings" ".rs.getHelp" ".rs.getHelpFromObject" ".rs.getHelpFunction" "<Anonymous>" 
"grepl" "ifelse" "urlify" "paste0" "writeLink" "writeBlock" "writeContent" "writeWrapped" "writeBlock" "writeContent" "writeContent" "writeSection" "Rd2HTML" "tools:::httpd" "withCallingHandlers" "suppressWarnings" ".rs.getHelp" ".rs.getHelpFromObject" ".rs.getHelpFunction" "<Anonymous>" 
"match.fun" "lapply" "sapply" "RdTags" "writeContent" "writeWrapped" "writeBlock" "writeContent" "writeContent" "writeBlock" "writeContent" "writeContent" "writeBlock" "writeContent" "writeSection" "Rd2HTML" "tools:::httpd" "withCallingHandlers" "suppressWarnings" ".rs.getHelp" ".rs.getHelpFromObject" ".rs.getHelpFunction" "<Anonymous>" 
"ls" "FUN" "lapply" ".rs.objectsOnSearchPath" ".rs.getCompletionsSearchPath" "Reduce" "<Anonymous>" 
"duplicated.default" "duplicated" "which" "as.vector" "intersect" "f" "Reduce" "<Anonymous>" 
".rs.getCompletionsSearchPath" "Reduce" "<Anonymous>" 
"ls" "FUN" "lapply" ".rs.objectsOnSearchPath" ".rs.getCompletionsSearchPath" "Reduce" "<Anonymous>" 
"ls" "FUN" "lapply" ".rs.objectsOnSearchPath" ".rs.getCompletionsSearchPath" "Reduce" "<Anonymous>" 
".rs.getRChainCompletions" ".rs.appendCompletions" "<Anonymous>" 
"ls" "FUN" "lapply" ".rs.objectsOnSearchPath" ".rs.getCompletionsSearchPath" "Reduce" "<Anonymous>" 
"vapply" "order" ".rs.getCompletionsSearchPath" "Reduce" "<Anonymous>" 
"parse" "withCallingHandlers" "suppressWarnings" "doTryCatch" "tryCatchOne" "tryCatchList" "tryCatch" ".rs.getAnywhere" ".rs.resolveObjectFromFunctionCall" ".rs.getCompletionsArgument" ".rs.getCompletionsFunction" ".rs.appendCompletions" ".rs.getRCompletions" ".rs.appendCompletions" "<Anonymous>" 
"nchar" ".rs.startsWith" ".rs.fuzzyMatches" ".rs.getCompletionsSearchPath" "Reduce" "<Anonymous>" 
"stopifnot" "srcfilecopy" "parse" "withCallingHandlers" "suppressWarnings" "doTryCatch" "tryCatchOne" "tryCatchList" "tryCatch" ".rs.getAnywhere" ".rs.resolveObjectFromFunctionCall" ".rs.getCompletionsArgument" ".rs.appendCompletions" ".rs.getRCompletions" ".rs.appendCompletions" "<Anonymous>" 
".Call" ".rs.getNAMESPACEImportedSymbols" ".rs.getCompletionsNAMESPACE" "Reduce" "<Anonymous>" 
"ls" "FUN" "lapply" ".rs.objectsOnSearchPath" ".rs.getCompletionsSearchPath" "Reduce" "<Anonymous>" 
"nchar" ".rs.startsWith" ".rs.fuzzyMatches" ".rs.getCompletionsNAMESPACE" "Reduce" "<Anonymous>" 
".findInheritedMethods" "<Anonymous>" "[" "standardGeneric" "strata" "overallTest" "pairwiseTest" 
"sys.call" "match" "%in%" "[[.data.frame" "[[" "dim.data.table" "dim" "dim" "nrow" "[.data.table" "[" "strataNames" "standardGeneric" "strataNames" "strataSplit" "lapply" "unlist" "unique" "overallTest" "pairwiseTest" 
"match.arg" "order" "do.call" "order" "sort.list" "FUN" "lapply" "droplevels.data.frame" "droplevels" ".removeIdsMissingAllLoci" ".local" "[" "[" "FUN" "lapply" "sapply" "strataSplit" "lapply" "unlist" "unique" "overallTest" "pairwiseTest" 
"eval" "[.data.table" "[" "standardGeneric" "as.matrix" ".numericLoci" ".formatCinput" "f" "FUN" "lapply" "overallTest" "pairwiseTest" 
".Call" "statFst_C" "f" "FUN" "lapply" "overallTest" "pairwiseTest" 
".Call" "statFst_C" "f" "FUN" "lapply" "overallTest" "pairwiseTest" 
".Call" "statFst_C" "f" "FUN" "lapply" "overallTest" "pairwiseTest" 
".Call" "statFst_C" "f" "FUN" "lapply" "overallTest" "pairwiseTest" 
".Call" "statFst_C" "f" "FUN" "lapply" "overallTest" "pairwiseTest" 
".Call" "statFst_C" "f" "FUN" "lapply" "overallTest" "pairwiseTest" 
".Call" "statFst_C" "f" "FUN" "lapply" "overallTest" "pairwiseTest" 
".Call" "statFst_C" "f" "FUN" "lapply" "overallTest" "pairwiseTest" 
".Call" "statFst_C" "f" "FUN" "lapply" "overallTest" "pairwiseTest" 
".Call" "statFst_C" "f" "FUN" "lapply" "overallTest" "pairwiseTest" 
".Call" "statFst_C" "f" "FUN" "lapply" "overallTest" "pairwiseTest" 
".Call" "statFst_C" "f" "FUN" "lapply" "overallTest" "pairwiseTest" 
".Call" "statFst_C" "f" "FUN" "lapply" "overallTest" "pairwiseTest" 
".Call" "statFst_C" "f" "FUN" "lapply" "overallTest" "pairwiseTest" 
".Call" "statFst_C" "f" "FUN" "lapply" "overallTest" "pairwiseTest" 
".Call" "statFst_C" "f" "FUN" "lapply" "overallTest" "pairwiseTest" 
".Call" "statFst_C" "f" "FUN" "lapply" "overallTest" "pairwiseTest" 
".Call" "statFst_C" "f" "FUN" "lapply" "overallTest" "pairwiseTest" 
".Call" "statFst_C" "f" "FUN" "lapply" "overallTest" "pairwiseTest" 
".Call" "statFst_C" "f" "FUN" "lapply" "overallTest" "pairwiseTest" 
".Call" "statFst_C" "f" "FUN" "lapply" "overallTest" "pairwiseTest" 
"getwd" "srcfilecopy" "parse" "[.data.table" "[" ".removeIdsMissingAllLoci" ".local" "[" "[" "standardGeneric" "strata" "overallTest" "pairwiseTest" 
"[.data.table" "[" "indNames" "standardGeneric" "indNames" ".local" "[" "[" "FUN" "lapply" "sapply" "strataSplit" "lapply" "unlist" "unique" "overallTest" "pairwiseTest" 
"sample.int" "sample" "FUN" "lapply" "sapply" "cbind" ".permStrata" "overallTest" "pairwiseTest" 
".Call" "statFst_C" "f" "FUN" "lapply" "overallTest" "pairwiseTest" 
".Call" "statFst_C" "f" "FUN" "lapply" "overallTest" "pairwiseTest" 
".Call" "statFst_C" "f" "FUN" "lapply" "overallTest" "pairwiseTest" 
".Call" "statFst_C" "f" "FUN" "lapply" "overallTest" "pairwiseTest" 
".Call" "statFst_C" "f" "FUN" "lapply" "overallTest" "pairwiseTest" 
".Call" "statFst_C" "f" "FUN" "lapply" "overallTest" "pairwiseTest" 
"<Anonymous>" "[[.data.frame" "[[" "dim.data.table" "dim" "dim" "nrow" "[.data.table" "[" "standardGeneric" "as.matrix" ".local" "strata" "standardGeneric" "strata" "table" "overallTest" "pairwiseTest" 
"setattr" "as.list.data.table" "as.list" "lapply" "do.call" "is.na.data.table" "is.na" "is.na" "[.data.table" "[" ".removeIdsMissingAllLoci" ".local" "[" "[" "FUN" "lapply" "sapply" "strataSplit" "lapply" "unlist" "unique" "overallTest" "pairwiseTest" 
"sample.int" "sample" "FUN" "lapply" "sapply" "cbind" ".permStrata" "overallTest" "pairwiseTest" 
".Call" "statFst_C" "f" "FUN" "lapply" "overallTest" "pairwiseTest" 
".Call" "statFst_C" "f" "FUN" "lapply" "overallTest" "pairwiseTest" 
".Call" "statFst_C" "f" "FUN" "lapply" "overallTest" "pairwiseTest" 
".Call" "statFst_C" "f" "FUN" "lapply" "overallTest" "pairwiseTest" 
".Call" "statFst_C" "f" "FUN" "lapply" "overallTest" "pairwiseTest" 
"cat" "pairwiseTest" 
"ls" "FUN" "lapply" ".rs.objectsOnSearchPath" ".rs.getCompletionsSearchPath" "Reduce" "<Anonymous>" 
"unlist" ".rs.getCompletionsNAMESPACE" "Reduce" "<Anonymous>" 
"ls" "FUN" "lapply" ".rs.objectsOnSearchPath" ".rs.getCompletionsSearchPath" "Reduce" "<Anonymous>" 
"file.exists" ".rs.listDirs" "FUN" "lapply" "Reduce" ".rs.getCompletionsPackages" "Reduce" "<Anonymous>" 
"ls" "FUN" "lapply" ".rs.objectsOnSearchPath" ".rs.getCompletionsSearchPath" "Reduce" "<Anonymous>" 
"gsub" ".rs.fuzzyMatches" ".rs.getCompletionsSearchPath" "Reduce" "<Anonymous>" 
